Determining if the pthread_create exist failed with the following output:
Change Dir: /home/omncbar/arduinobot/arduinobot_ws/build/CMakeFiles/CMakeTmp

Run Build Command:"/usr/bin/make" "cmTC_0f6b5/fast"
/usr/bin/make -f CMakeFiles/cmTC_0f6b5.dir/build.make CMakeFiles/cmTC_0f6b5.dir/build
make[1]: ingresso nella directory "/home/omncbar/arduinobot/arduinobot_ws/build/CMakeFiles/CMakeTmp"
Building C object CMakeFiles/cmTC_0f6b5.dir/CheckSymbolExists.c.o
/usr/bin/cc    -o CMakeFiles/cmTC_0f6b5.dir/CheckSymbolExists.c.o   -c /home/omncbar/arduinobot/arduinobot_ws/build/CMakeFiles/CMakeTmp/CheckSymbolExists.c
Linking C executable cmTC_0f6b5
/usr/local/bin/cmake -E cmake_link_script CMakeFiles/cmTC_0f6b5.dir/link.txt --verbose=1
/usr/bin/cc      -rdynamic CMakeFiles/cmTC_0f6b5.dir/CheckSymbolExists.c.o  -o cmTC_0f6b5 
CMakeFiles/cmTC_0f6b5.dir/CheckSymbolExists.c.o: nella funzione "main":
CheckSymbolExists.c:(.text+0x16): riferimento non definito a "pthread_create"
collect2: error: ld returned 1 exit status
CMakeFiles/cmTC_0f6b5.dir/build.make:97: set di istruzioni per l'obiettivo "cmTC_0f6b5" non riuscito
make[1]: *** [cmTC_0f6b5] Errore 1
make[1]: uscita dalla directory "/home/omncbar/arduinobot/arduinobot_ws/build/CMakeFiles/CMakeTmp"
Makefile:126: set di istruzioni per l'obiettivo "cmTC_0f6b5/fast" non riuscito
make: *** [cmTC_0f6b5/fast] Errore 2

File /home/omncbar/arduinobot/arduinobot_ws/build/CMakeFiles/CMakeTmp/CheckSymbolExists.c:
/* */
#include <pthread.h>

int main(int argc, char** argv)
{
  (void)argv;
#ifndef pthread_create
  return ((int*)(&pthread_create))[argc];
#else
  (void)argc;
  return 0;
#endif
}

Determining if the function pthread_create exists in the pthreads failed with the following output:
Change Dir: /home/omncbar/arduinobot/arduinobot_ws/build/CMakeFiles/CMakeTmp

Run Build Command:"/usr/bin/make" "cmTC_5f8cc/fast"
/usr/bin/make -f CMakeFiles/cmTC_5f8cc.dir/build.make CMakeFiles/cmTC_5f8cc.dir/build
make[1]: ingresso nella directory "/home/omncbar/arduinobot/arduinobot_ws/build/CMakeFiles/CMakeTmp"
Building C object CMakeFiles/cmTC_5f8cc.dir/CheckFunctionExists.c.o
/usr/bin/cc   -DCHECK_FUNCTION_EXISTS=pthread_create   -o CMakeFiles/cmTC_5f8cc.dir/CheckFunctionExists.c.o   -c /usr/local/share/cmake-3.8/Modules/CheckFunctionExists.c
Linking C executable cmTC_5f8cc
/usr/local/bin/cmake -E cmake_link_script CMakeFiles/cmTC_5f8cc.dir/link.txt --verbose=1
/usr/bin/cc  -DCHECK_FUNCTION_EXISTS=pthread_create    -rdynamic CMakeFiles/cmTC_5f8cc.dir/CheckFunctionExists.c.o  -o cmTC_5f8cc -lpthreads 
/usr/bin/ld: impossibile trovare -lpthreads
collect2: error: ld returned 1 exit status
CMakeFiles/cmTC_5f8cc.dir/build.make:97: set di istruzioni per l'obiettivo "cmTC_5f8cc" non riuscito
make[1]: *** [cmTC_5f8cc] Errore 1
make[1]: uscita dalla directory "/home/omncbar/arduinobot/arduinobot_ws/build/CMakeFiles/CMakeTmp"
Makefile:126: set di istruzioni per l'obiettivo "cmTC_5f8cc/fast" non riuscito
make: *** [cmTC_5f8cc/fast] Errore 2


