Determining if the pthread_create exist failed with the following output:
Change Dir: /home/ubuntu/arduinobot/arduinobot_ws/build/CMakeFiles/CMakeTmp

Run Build Command:"/usr/bin/make" "cmTC_55ff7/fast"
/usr/bin/make -f CMakeFiles/cmTC_55ff7.dir/build.make CMakeFiles/cmTC_55ff7.dir/build
make[1]: ingresso nella directory "/home/ubuntu/arduinobot/arduinobot_ws/build/CMakeFiles/CMakeTmp"
Building C object CMakeFiles/cmTC_55ff7.dir/CheckSymbolExists.c.o
/usr/bin/cc    -o CMakeFiles/cmTC_55ff7.dir/CheckSymbolExists.c.o   -c /home/ubuntu/arduinobot/arduinobot_ws/build/CMakeFiles/CMakeTmp/CheckSymbolExists.c
Linking C executable cmTC_55ff7
/usr/local/bin/cmake -E cmake_link_script CMakeFiles/cmTC_55ff7.dir/link.txt --verbose=1
/usr/bin/cc      -rdynamic CMakeFiles/cmTC_55ff7.dir/CheckSymbolExists.c.o  -o cmTC_55ff7 
CMakeFiles/cmTC_55ff7.dir/CheckSymbolExists.c.o: nella funzione "main":
CheckSymbolExists.c:(.text+0x14): riferimento non definito a "pthread_create"
CheckSymbolExists.c:(.text+0x18): riferimento non definito a "pthread_create"
collect2: error: ld returned 1 exit status
CMakeFiles/cmTC_55ff7.dir/build.make:97: recipe for target 'cmTC_55ff7' failed
make[1]: *** [cmTC_55ff7] Error 1
make[1]: uscita dalla directory "/home/ubuntu/arduinobot/arduinobot_ws/build/CMakeFiles/CMakeTmp"
Makefile:126: recipe for target 'cmTC_55ff7/fast' failed
make: *** [cmTC_55ff7/fast] Error 2

File /home/ubuntu/arduinobot/arduinobot_ws/build/CMakeFiles/CMakeTmp/CheckSymbolExists.c:
/* */
#include <pthread.h>

int main(int argc, char** argv)
{
  (void)argv;
#ifndef pthread_create
  return ((int*)(&pthread_create))[argc];
#else
  (void)argc;
  return 0;
#endif
}

Determining if the function pthread_create exists in the pthreads failed with the following output:
Change Dir: /home/ubuntu/arduinobot/arduinobot_ws/build/CMakeFiles/CMakeTmp

Run Build Command:"/usr/bin/make" "cmTC_5f9ad/fast"
/usr/bin/make -f CMakeFiles/cmTC_5f9ad.dir/build.make CMakeFiles/cmTC_5f9ad.dir/build
make[1]: ingresso nella directory "/home/ubuntu/arduinobot/arduinobot_ws/build/CMakeFiles/CMakeTmp"
Building C object CMakeFiles/cmTC_5f9ad.dir/CheckFunctionExists.c.o
/usr/bin/cc   -DCHECK_FUNCTION_EXISTS=pthread_create   -o CMakeFiles/cmTC_5f9ad.dir/CheckFunctionExists.c.o   -c /usr/local/share/cmake-3.8/Modules/CheckFunctionExists.c
Linking C executable cmTC_5f9ad
/usr/local/bin/cmake -E cmake_link_script CMakeFiles/cmTC_5f9ad.dir/link.txt --verbose=1
/usr/bin/cc  -DCHECK_FUNCTION_EXISTS=pthread_create    -rdynamic CMakeFiles/cmTC_5f9ad.dir/CheckFunctionExists.c.o  -o cmTC_5f9ad -lpthreads 
/usr/bin/ld: impossibile trovare -lpthreads
collect2: error: ld returned 1 exit status
CMakeFiles/cmTC_5f9ad.dir/build.make:97: recipe for target 'cmTC_5f9ad' failed
make[1]: *** [cmTC_5f9ad] Error 1
make[1]: uscita dalla directory "/home/ubuntu/arduinobot/arduinobot_ws/build/CMakeFiles/CMakeTmp"
Makefile:126: recipe for target 'cmTC_5f9ad/fast' failed
make: *** [cmTC_5f9ad/fast] Error 2


